[00:27:09.431][info] [#0:/Users/juliani/.config/coc/extensions/@statiolake/coc-sumneko-lua-data/server/main.lua:66]: Lua Lsp startup, root: 	/Users/juliani/.config/coc/extensions/@statiolake/coc-sumneko-lua-data/server
[00:27:09.431][info] [#0:/Users/juliani/.config/coc/extensions/@statiolake/coc-sumneko-lua-data/server/main.lua:67]: ROOT:	/Users/juliani/.config/coc/extensions/@statiolake/coc-sumneko-lua-data/server
[00:27:09.431][info] [#0:/Users/juliani/.config/coc/extensions/@statiolake/coc-sumneko-lua-data/server/main.lua:68]: LOGPATH:	/Users/juliani/.config/coc/extensions/@statiolake/coc-sumneko-lua-data/server/log
[00:27:09.431][info] [#0:/Users/juliani/.config/coc/extensions/@statiolake/coc-sumneko-lua-data/server/main.lua:69]: METAPATH:	/Users/juliani/.config/coc/extensions/@statiolake/coc-sumneko-lua-data/server/meta
[00:27:09.431][info] [#0:/Users/juliani/.config/coc/extensions/@statiolake/coc-sumneko-lua-data/server/main.lua:70]: VERSION:	3.7.3
[00:27:09.446][info] [#0:script/service/service.lua:144]: 
========= Medical Examination Report =========
    --------------- Memory ---------------
        Total: 2.165 MB
        # 00 : 2.165 MB
        # 01 : 0.000 MB
        # 02 : 0.000 MB
        # 03 : 0.000 MB
        # 04 : 0.000 MB
    --------------- Coroutine ---------------
        Total:     0
        Running:   0
        Suspended: 0
        Normal:    0
        Dead:      0
    --------------- Cache ---------------
        Total: 1
        Dead:  0
    ---------------  RPC  ---------------
        Holdon:   0
        Waiting:  0
==============================================
[00:27:09.449][info] [#0:script/client.lua:657]: Client init	{
  capabilities = {
    general = {
      markdown = {
        parser = "marked",
        version = "4.0.10"
      },
      positionEncodings = { "utf-16" },
      regularExpressions = {
        engine = "ECMAScript",
        version = "ES2020"
      },
      staleRequestSupport = {
        cancel = true,
        retryOnContentModified = { "textDocument/inlayHint", "textDocument/semanticTokens/full", "textDocument/semanticTokens/range", "textDocument/semanticTokens/full/delta" }
      }
    },
    textDocument = {
      callHierarchy = {
        dynamicRegistration = true
      },
      codeAction = {
        codeActionLiteralSupport = {
          codeActionKind = {
            valueSet = { "", "quickfix", "refactor", "refactor.extract", "refactor.inline", "refactor.rewrite", "source", "source.organizeImports" }
          }
        },
        dataSupport = true,
        disabledSupport = true,
        dynamicRegistration = true,
        honorsChangeAnnotations = false,
        isPreferredSupport = true,
        resolveSupport = {
          properties = { "edit" }
        }
      },
      codeLens = {
        dynamicRegistration = true
      },
      colorProvider = {
        dynamicRegistration = true
      },
      completion = {
        completionItem = {
          commitCharactersSupport = true,
          deprecatedSupport = true,
          documentationFormat = { "markdown", "plaintext" },
          insertReplaceSupport = true,
          insertTextModeSupport = {
            valueSet = { 1, 2 }
          },
          labelDetailsSupport = true,
          preselectSupport = true,
          resolveSupport = {
            properties = { "documentation", "detail", "additionalTextEdits" }
          },
          snippetSupport = true,
          tagSupport = {
            valueSet = { 1 }
          }
        },
        completionItemKind = {
          valueSet = { 1, 2, 3, 4, 5, 6, 7, 8, 9, 10, 11, 12, 13, 14, 15, 16, 17, 18, 19, 20, 21, 22, 23, 24, 25 }
        },
        completionList = {
          itemDefaults = { "commitCharacters", "editRange", "insertTextFormat", "insertTextMode" }
        },
        contextSupport = true,
        dynamicRegistration = true,
        insertTextMode = 2
      },
      declaration = {
        dynamicRegistration = true,
        linkSupport = true
      },
      definition = {
        dynamicRegistration = true,
        linkSupport = true
      },
      diagnostic = {
        dynamicRegistration = true,
        relatedDocumentSupport = true
      },
      documentHighlight = {
        dynamicRegistration = true
      },
      documentLink = {
        dynamicRegistration = true,
        tooltipSupport = true
      },
      documentSymbol = {
        dynamicRegistration = true,
        hierarchicalDocumentSymbolSupport = true,
        labelSupport = true,
        symbolKind = {
          valueSet = { 1, 2, 3, 4, 5, 6, 7, 8, 9, 10, 11, 12, 13, 14, 15, 16, 17, 18, 19, 20, 21, 22, 23, 24, 25, 26 }
        },
        tagSupport = {
          valueSet = { 1 }
        }
      },
      foldingRange = {
        dynamicRegistration = true,
        foldingRange = {
          collapsedText = false
        },
        foldingRangeKind = {
          valueSet = { "comment", "imports", "region" }
        },
        lineFoldingOnly = true,
        rangeLimit = 5000
      },
      formatting = {
        dynamicRegistration = true
      },
      hover = {
        contentFormat = { "markdown", "plaintext" },
        dynamicRegistration = true
      },
      implementation = {
        dynamicRegistration = true,
        linkSupport = true
      },
      inlayHint = {
        dynamicRegistration = true,
        resolveSupport = {
          properties = { "tooltip", "textEdits", "label.tooltip", "label.location", "label.command" }
        }
      },
      inlineValue = {
        dynamicRegistration = true
      },
      linkedEditingRange = {
        dynamicRegistration = true
      },
      onTypeFormatting = {
        dynamicRegistration = true
      },
      publishDiagnostics = {
        codeDescriptionSupport = true,
        dataSupport = true,
        relatedInformation = true,
        tagSupport = {
          valueSet = { 1, 2 }
        },
        versionSupport = true
      },
      rangeFormatting = {
        dynamicRegistration = true
      },
      references = {
        dynamicRegistration = true
      },
      rename = {
        dynamicRegistration = true,
        honorsChangeAnnotations = true,
        prepareSupport = true,
        prepareSupportDefaultBehavior = 1
      },
      selectionRange = {
        dynamicRegistration = true
      },
      semanticTokens = {
        augmentsSyntaxTokens = true,
        dynamicRegistration = true,
        formats = { "relative" },
        multilineTokenSupport = false,
        overlappingTokenSupport = false,
        requests = {
          full = {
            delta = true
          },
          range = true
        },
        serverCancelSupport = true,
        tokenModifiers = { "declaration", "definition", "readonly", "static", "deprecated", "abstract", "async", "modification", "documentation", "defaultLibrary" },
        tokenTypes = { "namespace", "type", "class", "enum", "interface", "struct", "typeParameter", "parameter", "variable", "property", "enumMember", "event", "function", "method", "macro", "keyword", "modifier", "comment", "string", "number", "regexp", "decorator", "operator" }
      },
      signatureHelp = {
        contextSupport = true,
        dynamicRegistration = true,
        signatureInformation = {
          activeParameterSupport = true,
          documentationFormat = { "markdown", "plaintext" },
          parameterInformation = {
            labelOffsetSupport = true
          }
        }
      },
      synchronization = {
        didSave = true,
        dynamicRegistration = true,
        willSave = true,
        willSaveWaitUntil = true
      },
      typeDefinition = {
        dynamicRegistration = true,
        linkSupport = true
      },
      typeHierarchy = {
        dynamicRegistration = true
      }
    },
    window = {
      showDocument = {
        support = true
      },
      showMessage = {
        messageActionItem = {
          additionalPropertiesSupport = true
        }
      },
      workDoneProgress = true
    },
    workspace = {
      applyEdit = true,
      codeLens = {
        refreshSupport = true
      },
      configuration = true,
      diagnostics = {
        refreshSupport = true
      },
      didChangeConfiguration = {
        dynamicRegistration = true
      },
      didChangeWatchedFiles = {
        dynamicRegistration = true,
        relativePatternSupport = true
      },
      executeCommand = {
        dynamicRegistration = true
      },
      fileOperations = {
        didCreate = true,
        didDelete = true,
        didRename = true,
        dynamicRegistration = true,
        willCreate = true,
        willDelete = true,
        willRename = true
      },
      inlayHint = {
        refreshSupport = true
      },
      inlineValue = {
        refreshSupport = true
      },
      semanticTokens = {
        refreshSupport = true
      },
      symbol = {
        dynamicRegistration = true,
        resolveSupport = {
          properties = { "location.range" }
        },
        symbolKind = {
          valueSet = { 1, 2, 3, 4, 5, 6, 7, 8, 9, 10, 11, 12, 13, 14, 15, 16, 17, 18, 19, 20, 21, 22, 23, 24, 25, 26 }
        },
        tagSupport = {
          valueSet = { 1 }
        }
      },
      workspaceEdit = {
        changeAnnotationSupport = {
          groupsOnLabel = false
        },
        documentChanges = true,
        failureHandling = "undo",
        normalizesLineEndings = true,
        resourceOperations = { "create", "rename", "delete" }
      },
      workspaceFolders = true
    }
  },
  clientInfo = {
    name = "coc.nvim",
    version = "0.0.82"
  },
  initializationOptions = {
    changeConfiguration = true
  },
  locale = "en_US",
  processId = 79442,
  rootPath = "/Users/juliani/.config/nvim",
  rootUri = "file:///Users/juliani/.config/nvim",
  trace = "off",
  workDoneToken = "3c5e5418-8fe2-4b51-84d1-ce6f411ae43c",
  workspaceFolders = { {
      name = "nvim",
      uri = "file:///Users/juliani/.config/nvim"
    } }
}
[00:27:09.449][info] [#0:script/language.lua:137]: VSC language: en-us
[00:27:09.449][info] [#0:script/language.lua:138]: LS  language: en-us
[00:27:09.449][info] [#0:script/workspace/workspace.lua:38]: Workspace init root: 	file:///Users/juliani/.config/nvim
[00:27:09.449][info] [#0:script/workspace/workspace.lua:42]: Log path: 	/Users/juliani/.config/coc/extensions/@statiolake/coc-sumneko-lua-data/server/log/file_Users_juliani_.config_nvim.log
[00:27:09.449][info] [#0:script/workspace/workspace.lua:48]: Workspace create: 	file:///Users/juliani/.config/nvim
[00:27:09.661][info] [#0:script/provider/provider.lua:46]: Load config from client	file:///Users/juliani/.config/nvim
[00:27:09.661][info] [#0:script/provider/provider.lua:47]: {
  Lua = {
    addonManager = {
      enable = true
    },
    codeLens = {
      enable = false
    },
    completion = {
      autoRequire = true,
      callSnippet = "Disable",
      displayContext = 0,
      enable = true,
      keywordSnippet = "Replace",
      postfix = "@",
      requireSeparator = ".",
      showParams = true,
      showWord = "Fallback",
      workspaceWord = true
    },
    diagnostics = {
      disable = {},
      disableScheme = { "git" },
      enable = true,
      globals = { "vim" },
      groupFileStatus = {},
      groupSeverity = {},
      ignoredFiles = "Opened",
      libraryFiles = "Opened",
      neededFileStatus = {},
      severity = {},
      unusedLocalExclude = {},
      workspaceDelay = 3000,
      workspaceEvent = "OnSave",
      workspaceRate = 100
    },
    doc = {
      packageName = {},
      privateName = {},
      protectedName = {}
    },
    format = {
      defaultConfig = {},
      enable = true
    },
    hint = {
      arrayIndex = "Auto",
      await = true,
      enable = true,
      paramName = "All",
      paramType = true,
      semicolon = "SameLine",
      setType = false
    },
    hover = {
      enable = true,
      enumsLimit = 5,
      expandAlias = true,
      previewFields = 50,
      viewNumber = true,
      viewString = true,
      viewStringMax = 1000
    },
    misc = {
      executablePath = "",
      parameters = {}
    },
    runtime = {
      builtin = {},
      fileEncoding = "utf8",
      meta = "${version} ${language} ${encoding}",
      nonstandardSymbol = {},
      path = { "?.lua", "?/init.lua" },
      pathStrict = false,
      plugin = "",
      pluginArgs = {},
      special = {},
      unicodeName = false,
      version = "Lua 5.4"
    },
    semantic = {
      annotation = true,
      enable = true,
      keyword = false,
      variable = true
    },
    signatureHelp = {
      enable = true
    },
    spell = {
      dict = {}
    },
    type = {
      castNumberToInteger = true,
      weakNilCheck = false,
      weakUnionCheck = false
    },
    typeFormat = {
      config = {}
    },
    window = {
      progressBar = true,
      statusBar = true
    },
    workspace = {
      checkThirdParty = true,
      ignoreDir = { ".vscode" },
      ignoreSubmodules = true,
      library = {},
      maxPreload = 5000,
      preloadFileSize = 500,
      useGitIgnore = true,
      userThirdParty = {}
    }
  }
}
[00:27:09.768][info] [#0:script/provider/completion.lua:43]: Enable completion.
[00:27:09.768][info] [#0:script/provider/provider.lua:61]: Load config from client	fallback
[00:27:09.769][info] [#0:script/provider/provider.lua:62]: {
  Lua = {
    addonManager = {
      enable = true
    },
    codeLens = {
      enable = false
    },
    completion = {
      autoRequire = true,
      callSnippet = "Disable",
      displayContext = 0,
      enable = true,
      keywordSnippet = "Replace",
      postfix = "@",
      requireSeparator = ".",
      showParams = true,
      showWord = "Fallback",
      workspaceWord = true
    },
    diagnostics = {
      disable = {},
      disableScheme = { "git" },
      enable = true,
      globals = { "vim" },
      groupFileStatus = {},
      groupSeverity = {},
      ignoredFiles = "Opened",
      libraryFiles = "Opened",
      neededFileStatus = {},
      severity = {},
      unusedLocalExclude = {},
      workspaceDelay = 3000,
      workspaceEvent = "OnSave",
      workspaceRate = 100
    },
    doc = {
      packageName = {},
      privateName = {},
      protectedName = {}
    },
    format = {
      defaultConfig = {},
      enable = true
    },
    hint = {
      arrayIndex = "Auto",
      await = true,
      enable = true,
      paramName = "All",
      paramType = true,
      semicolon = "SameLine",
      setType = false
    },
    hover = {
      enable = true,
      enumsLimit = 5,
      expandAlias = true,
      previewFields = 50,
      viewNumber = true,
      viewString = true,
      viewStringMax = 1000
    },
    misc = {
      executablePath = "",
      parameters = {}
    },
    runtime = {
      builtin = {},
      fileEncoding = "utf8",
      meta = "${version} ${language} ${encoding}",
      nonstandardSymbol = {},
      path = { "?.lua", "?/init.lua" },
      pathStrict = false,
      plugin = "",
      pluginArgs = {},
      special = {},
      unicodeName = false,
      version = "Lua 5.4"
    },
    semantic = {
      annotation = true,
      enable = true,
      keyword = false,
      variable = true
    },
    signatureHelp = {
      enable = true
    },
    spell = {
      dict = {}
    },
    type = {
      castNumberToInteger = true,
      weakNilCheck = false,
      weakUnionCheck = false
    },
    typeFormat = {
      config = {}
    },
    window = {
      progressBar = true,
      statusBar = true
    },
    workspace = {
      checkThirdParty = true,
      ignoreDir = { ".vscode" },
      ignoreSubmodules = true,
      library = {},
      maxPreload = 5000,
      preloadFileSize = 500,
      useGitIgnore = true,
      userThirdParty = {}
    }
  }
}
[00:27:09.981][info] [#0:script/library.lua:212]: Init builtin library at:	file:///Users/juliani/.config/nvim
[00:27:10.020][info] [#0:script/plugin.lua:86]: plugin path:	/Users/juliani/.config/nvim
[00:27:10.020][warn] [#0:script/plugin.lua:101]: plugin not found:	/Users/juliani/.config/nvim
[00:27:10.020][info] [#0:script/library.lua:212]: Init builtin library at:	nil
[00:27:10.137][info] [#0:script/workspace/workspace.lua:324]: Preload start:	file:///Users/juliani/.config/nvim
[00:27:10.141][info] [#0:script/workspace/workspace.lua:330]: Scan files at:	file:///Users/juliani/.config/nvim
[00:27:10.143][info] [#0:script/workspace/workspace.lua:324]: Preload start:	<fallback>
[00:27:10.146][info] [#0:script/workspace/workspace.lua:353]: Scan library at:	file:///Users/juliani/.config/coc/extensions/%40statiolake/coc-sumneko-lua-data/server/meta/Lua%205.4%20en-us%20utf8/package.lua
[00:27:10.148][info] [#0:script/workspace/workspace.lua:353]: Scan library at:	file:///Users/juliani/.config/coc/extensions/%40statiolake/coc-sumneko-lua-data/server/meta/Lua%205.4%20en-us%20utf8/basic.lua
[00:27:10.148][info] [#0:script/workspace/workspace.lua:353]: Scan library at:	file:///Users/juliani/.config/coc/extensions/%40statiolake/coc-sumneko-lua-data/server/meta/Lua%205.4%20en-us%20utf8/builtin.lua
[00:27:10.148][info] [#0:script/workspace/workspace.lua:353]: Scan library at:	file:///Users/juliani/.config/coc/extensions/%40statiolake/coc-sumneko-lua-data/server/meta/Lua%205.4%20en-us%20utf8/utf8.lua
[00:27:10.148][info] [#0:script/workspace/workspace.lua:353]: Scan library at:	file:///Users/juliani/.config/coc/extensions/%40statiolake/coc-sumneko-lua-data/server/meta/Lua%205.4%20en-us%20utf8/table.lua
[00:27:10.149][info] [#0:script/workspace/workspace.lua:353]: Scan library at:	file:///Users/juliani/.config/coc/extensions/%40statiolake/coc-sumneko-lua-data/server/meta/Lua%205.4%20en-us%20utf8/math.lua
[00:27:10.149][info] [#0:script/workspace/workspace.lua:353]: Scan library at:	file:///Users/juliani/.config/coc/extensions/%40statiolake/coc-sumneko-lua-data/server/meta/Lua%205.4%20en-us%20utf8/string.lua
[00:27:10.149][info] [#0:script/workspace/workspace.lua:353]: Scan library at:	file:///Users/juliani/.config/coc/extensions/%40statiolake/coc-sumneko-lua-data/server/meta/Lua%205.4%20en-us%20utf8/coroutine.lua
[00:27:10.149][info] [#0:script/workspace/workspace.lua:353]: Scan library at:	file:///Users/juliani/.config/coc/extensions/%40statiolake/coc-sumneko-lua-data/server/meta/Lua%205.4%20en-us%20utf8/io.lua
[00:27:10.150][info] [#0:script/workspace/workspace.lua:353]: Scan library at:	file:///Users/juliani/.config/coc/extensions/%40statiolake/coc-sumneko-lua-data/server/meta/Lua%205.4%20en-us%20utf8/debug.lua
[00:27:10.150][info] [#0:script/workspace/workspace.lua:353]: Scan library at:	file:///Users/juliani/.config/coc/extensions/%40statiolake/coc-sumneko-lua-data/server/meta/Lua%205.4%20en-us%20utf8/os.lua
[00:27:10.150][info] [#0:script/workspace/workspace.lua:353]: Scan library at:	file:///Users/juliani/.config/coc/extensions/%40statiolake/coc-sumneko-lua-data/server/meta/Lua%205.4%20en-us%20utf8/package.lua
[00:27:10.151][info] [#0:script/workspace/workspace.lua:353]: Scan library at:	file:///Users/juliani/.config/coc/extensions/%40statiolake/coc-sumneko-lua-data/server/meta/Lua%205.4%20en-us%20utf8/basic.lua
[00:27:10.151][info] [#0:script/workspace/workspace.lua:353]: Scan library at:	file:///Users/juliani/.config/coc/extensions/%40statiolake/coc-sumneko-lua-data/server/meta/Lua%205.4%20en-us%20utf8/builtin.lua
[00:27:10.151][info] [#0:script/workspace/workspace.lua:353]: Scan library at:	file:///Users/juliani/.config/coc/extensions/%40statiolake/coc-sumneko-lua-data/server/meta/Lua%205.4%20en-us%20utf8/utf8.lua
[00:27:10.151][info] [#0:script/workspace/workspace.lua:353]: Scan library at:	file:///Users/juliani/.config/coc/extensions/%40statiolake/coc-sumneko-lua-data/server/meta/Lua%205.4%20en-us%20utf8/table.lua
[00:27:10.151][info] [#0:script/workspace/workspace.lua:353]: Scan library at:	file:///Users/juliani/.config/coc/extensions/%40statiolake/coc-sumneko-lua-data/server/meta/Lua%205.4%20en-us%20utf8/math.lua
[00:27:10.152][info] [#0:script/workspace/workspace.lua:353]: Scan library at:	file:///Users/juliani/.config/coc/extensions/%40statiolake/coc-sumneko-lua-data/server/meta/Lua%205.4%20en-us%20utf8/string.lua
[00:27:10.152][info] [#0:script/workspace/workspace.lua:353]: Scan library at:	file:///Users/juliani/.config/coc/extensions/%40statiolake/coc-sumneko-lua-data/server/meta/Lua%205.4%20en-us%20utf8/coroutine.lua
[00:27:10.152][info] [#0:script/workspace/workspace.lua:353]: Scan library at:	file:///Users/juliani/.config/coc/extensions/%40statiolake/coc-sumneko-lua-data/server/meta/Lua%205.4%20en-us%20utf8/io.lua
[00:27:10.152][info] [#0:script/workspace/workspace.lua:353]: Scan library at:	file:///Users/juliani/.config/coc/extensions/%40statiolake/coc-sumneko-lua-data/server/meta/Lua%205.4%20en-us%20utf8/debug.lua
[00:27:10.152][info] [#0:script/workspace/workspace.lua:353]: Scan library at:	file:///Users/juliani/.config/coc/extensions/%40statiolake/coc-sumneko-lua-data/server/meta/Lua%205.4%20en-us%20utf8/os.lua
[00:27:10.254][info] [#0:script/workspace/workspace.lua:379]: Found 11 files at:	<fallback>
[00:27:10.254][info] [#0:script/workspace/loading.lua:161]: Load files from disk:	<fallback>
[00:27:10.254][info] [#0:script/workspace/workspace.lua:379]: Found 25 files at:	file:///Users/juliani/.config/nvim
[00:27:10.254][info] [#0:script/workspace/loading.lua:161]: Load files from disk:	file:///Users/juliani/.config/nvim
[00:27:10.255][info] [#0:script/workspace/loading.lua:89]: Skip loaded file: file:///Users/juliani/.config/nvim/lua/config/keymaps.lua
[00:27:10.360][info] [#0:script/workspace/loading.lua:101]: Preload file at: file:///Users/juliani/.config/coc/extensions/%40statiolake/coc-sumneko-lua-data/server/meta/Lua%205.4%20en-us%20utf8/os.lua , size = 5.600 KB
[00:27:10.379][info] [#0:script/workspace/loading.lua:113]: ++++As library of:	file:///Users/juliani/.config/coc/extensions/%40statiolake/coc-sumneko-lua-data/server/meta/Lua%205.4%20en-us%20utf8/os.lua
[00:27:10.379][info] [#0:script/workspace/loading.lua:98]: Skip loaded file: file:///Users/juliani/.config/coc/extensions/%40statiolake/coc-sumneko-lua-data/server/meta/Lua%205.4%20en-us%20utf8/os.lua
[00:27:10.379][info] [#0:script/workspace/loading.lua:101]: Preload file at: file:///Users/juliani/.config/coc/extensions/%40statiolake/coc-sumneko-lua-data/server/meta/Lua%205.4%20en-us%20utf8/debug.lua , size = 7.637 KB
[00:27:10.388][info] [#0:script/workspace/loading.lua:113]: ++++As library of:	file:///Users/juliani/.config/coc/extensions/%40statiolake/coc-sumneko-lua-data/server/meta/Lua%205.4%20en-us%20utf8/debug.lua
[00:27:10.388][info] [#0:script/workspace/loading.lua:98]: Skip loaded file: file:///Users/juliani/.config/coc/extensions/%40statiolake/coc-sumneko-lua-data/server/meta/Lua%205.4%20en-us%20utf8/debug.lua
[00:27:10.388][info] [#0:script/workspace/loading.lua:101]: Preload file at: file:///Users/juliani/.config/coc/extensions/%40statiolake/coc-sumneko-lua-data/server/meta/Lua%205.4%20en-us%20utf8/io.lua , size = 6.364 KB
[00:27:10.395][info] [#0:script/workspace/loading.lua:113]: ++++As library of:	file:///Users/juliani/.config/coc/extensions/%40statiolake/coc-sumneko-lua-data/server/meta/Lua%205.4%20en-us%20utf8/io.lua
[00:27:10.396][info] [#0:script/workspace/loading.lua:98]: Skip loaded file: file:///Users/juliani/.config/coc/extensions/%40statiolake/coc-sumneko-lua-data/server/meta/Lua%205.4%20en-us%20utf8/io.lua
[00:27:10.396][info] [#0:script/workspace/loading.lua:101]: Preload file at: file:///Users/juliani/.config/coc/extensions/%40statiolake/coc-sumneko-lua-data/server/meta/Lua%205.4%20en-us%20utf8/coroutine.lua , size = 2.590 KB
[00:27:10.398][info] [#0:script/workspace/loading.lua:113]: ++++As library of:	file:///Users/juliani/.config/coc/extensions/%40statiolake/coc-sumneko-lua-data/server/meta/Lua%205.4%20en-us%20utf8/coroutine.lua
[00:27:10.398][info] [#0:script/workspace/loading.lua:98]: Skip loaded file: file:///Users/juliani/.config/coc/extensions/%40statiolake/coc-sumneko-lua-data/server/meta/Lua%205.4%20en-us%20utf8/coroutine.lua
[00:27:10.398][info] [#0:script/workspace/loading.lua:101]: Preload file at: file:///Users/juliani/.config/coc/extensions/%40statiolake/coc-sumneko-lua-data/server/meta/Lua%205.4%20en-us%20utf8/string.lua , size = 6.341 KB
[00:27:10.406][info] [#0:script/workspace/loading.lua:113]: ++++As library of:	file:///Users/juliani/.config/coc/extensions/%40statiolake/coc-sumneko-lua-data/server/meta/Lua%205.4%20en-us%20utf8/string.lua
[00:27:10.406][info] [#0:script/workspace/loading.lua:98]: Skip loaded file: file:///Users/juliani/.config/coc/extensions/%40statiolake/coc-sumneko-lua-data/server/meta/Lua%205.4%20en-us%20utf8/string.lua
[00:27:10.406][info] [#0:script/workspace/loading.lua:101]: Preload file at: file:///Users/juliani/.config/coc/extensions/%40statiolake/coc-sumneko-lua-data/server/meta/Lua%205.4%20en-us%20utf8/math.lua , size = 8.509 KB
[00:27:10.412][info] [#0:script/workspace/loading.lua:113]: ++++As library of:	file:///Users/juliani/.config/coc/extensions/%40statiolake/coc-sumneko-lua-data/server/meta/Lua%205.4%20en-us%20utf8/math.lua
[00:27:10.412][info] [#0:script/workspace/loading.lua:98]: Skip loaded file: file:///Users/juliani/.config/coc/extensions/%40statiolake/coc-sumneko-lua-data/server/meta/Lua%205.4%20en-us%20utf8/math.lua
[00:27:10.413][info] [#0:script/workspace/loading.lua:101]: Preload file at: file:///Users/juliani/.config/coc/extensions/%40statiolake/coc-sumneko-lua-data/server/meta/Lua%205.4%20en-us%20utf8/table.lua , size = 4.230 KB
[00:27:10.416][info] [#0:script/workspace/loading.lua:113]: ++++As library of:	file:///Users/juliani/.config/coc/extensions/%40statiolake/coc-sumneko-lua-data/server/meta/Lua%205.4%20en-us%20utf8/table.lua
[00:27:10.416][info] [#0:script/workspace/loading.lua:98]: Skip loaded file: file:///Users/juliani/.config/coc/extensions/%40statiolake/coc-sumneko-lua-data/server/meta/Lua%205.4%20en-us%20utf8/table.lua
[00:27:10.416][info] [#0:script/workspace/loading.lua:101]: Preload file at: file:///Users/juliani/.config/coc/extensions/%40statiolake/coc-sumneko-lua-data/server/meta/Lua%205.4%20en-us%20utf8/utf8.lua , size = 2.386 KB
[00:27:10.417][info] [#0:script/workspace/loading.lua:113]: ++++As library of:	file:///Users/juliani/.config/coc/extensions/%40statiolake/coc-sumneko-lua-data/server/meta/Lua%205.4%20en-us%20utf8/utf8.lua
[00:27:10.417][info] [#0:script/workspace/loading.lua:98]: Skip loaded file: file:///Users/juliani/.config/coc/extensions/%40statiolake/coc-sumneko-lua-data/server/meta/Lua%205.4%20en-us%20utf8/utf8.lua
[00:27:10.418][info] [#0:script/workspace/loading.lua:101]: Preload file at: file:///Users/juliani/.config/coc/extensions/%40statiolake/coc-sumneko-lua-data/server/meta/Lua%205.4%20en-us%20utf8/builtin.lua , size = 0.302 KB
[00:27:10.418][info] [#0:script/workspace/loading.lua:113]: ++++As library of:	file:///Users/juliani/.config/coc/extensions/%40statiolake/coc-sumneko-lua-data/server/meta/Lua%205.4%20en-us%20utf8/builtin.lua
[00:27:10.418][info] [#0:script/workspace/loading.lua:98]: Skip loaded file: file:///Users/juliani/.config/coc/extensions/%40statiolake/coc-sumneko-lua-data/server/meta/Lua%205.4%20en-us%20utf8/builtin.lua
[00:27:10.418][info] [#0:script/workspace/loading.lua:101]: Preload file at: file:///Users/juliani/.config/coc/extensions/%40statiolake/coc-sumneko-lua-data/server/meta/Lua%205.4%20en-us%20utf8/basic.lua , size = 15.377 KB
[00:27:10.427][info] [#0:script/workspace/loading.lua:113]: ++++As library of:	file:///Users/juliani/.config/coc/extensions/%40statiolake/coc-sumneko-lua-data/server/meta/Lua%205.4%20en-us%20utf8/basic.lua
[00:27:10.427][info] [#0:script/workspace/loading.lua:98]: Skip loaded file: file:///Users/juliani/.config/coc/extensions/%40statiolake/coc-sumneko-lua-data/server/meta/Lua%205.4%20en-us%20utf8/basic.lua
[00:27:10.427][info] [#0:script/workspace/loading.lua:101]: Preload file at: file:///Users/juliani/.config/coc/extensions/%40statiolake/coc-sumneko-lua-data/server/meta/Lua%205.4%20en-us%20utf8/package.lua , size = 2.944 KB
[00:27:10.429][info] [#0:script/workspace/loading.lua:113]: ++++As library of:	file:///Users/juliani/.config/coc/extensions/%40statiolake/coc-sumneko-lua-data/server/meta/Lua%205.4%20en-us%20utf8/package.lua
[00:27:10.429][info] [#0:script/workspace/loading.lua:98]: Skip loaded file: file:///Users/juliani/.config/coc/extensions/%40statiolake/coc-sumneko-lua-data/server/meta/Lua%205.4%20en-us%20utf8/package.lua
[00:27:10.429][info] [#0:script/workspace/loading.lua:101]: Preload file at: file:///Users/juliani/.config/nvim/init.lua , size = 0.462 KB
[00:27:10.429][info] [#0:script/workspace/loading.lua:101]: Preload file at: file:///Users/juliani/.config/nvim/lua/config/autocmds.lua , size = 1.206 KB
[00:27:10.430][info] [#0:script/workspace/loading.lua:101]: Preload file at: file:///Users/juliani/.config/nvim/lua/config/theme.lua , size = 0.130 KB
[00:27:10.430][info] [#0:script/workspace/loading.lua:101]: Preload file at: file:///Users/juliani/.config/nvim/lua/config/telescope-sorter.lua , size = 4.416 KB
[00:27:10.433][info] [#0:script/workspace/loading.lua:101]: Preload file at: file:///Users/juliani/.config/nvim/lua/config/options.lua , size = 1.070 KB
[00:27:10.434][info] [#0:script/workspace/loading.lua:101]: Preload file at: file:///Users/juliani/.config/nvim/lua/plugins/init.lua , size = 0.472 KB
[00:27:10.434][info] [#0:script/workspace/loading.lua:101]: Preload file at: file:///Users/juliani/.config/nvim/lua/plugins/telescope.lua , size = 7.166 KB
[00:27:10.436][info] [#0:script/workspace/loading.lua:101]: Preload file at: file:///Users/juliani/.config/nvim/lua/plugins/coc.lua , size = 7.969 KB
[00:27:10.438][info] [#0:script/workspace/loading.lua:101]: Preload file at: file:///Users/juliani/.config/nvim/lua/plugins/editor.lua , size = 1.875 KB
[00:27:10.439][info] [#0:script/workspace/loading.lua:101]: Preload file at: file:///Users/juliani/.config/nvim/lua/plugins/yanky.lua , size = 1.955 KB
[00:27:10.440][info] [#0:script/workspace/loading.lua:101]: Preload file at: file:///Users/juliani/.config/nvim/lua/plugins/utils.lua , size = 0.084 KB
[00:27:10.440][info] [#0:script/workspace/loading.lua:101]: Preload file at: file:///Users/juliani/.config/nvim/lua/plugins/ai.lua , size = 0.037 KB
[00:27:10.440][info] [#0:script/workspace/loading.lua:101]: Preload file at: file:///Users/juliani/.config/nvim/lua/plugins/navigation.lua , size = 0.089 KB
[00:27:10.545][info] [#0:script/workspace/loading.lua:173]: Loaded files takes [0.086] sec: <fallback>
[00:27:10.545][info] [#0:script/workspace/loading.lua:182]: Compile files takes [0.000] sec: <fallback>
[00:27:10.545][info] [#0:script/workspace/loading.lua:183]: Loaded finish:	<fallback>
[00:27:10.545][info] [#0:script/workspace/workspace.lua:381]: Preload finish at:	<fallback>
[00:27:10.553][info] [#0:script/workspace/loading.lua:173]: Loaded files takes [0.094] sec: file:///Users/juliani/.config/nvim
[00:27:10.553][info] [#0:script/workspace/loading.lua:182]: Compile files takes [0.000] sec: file:///Users/juliani/.config/nvim
[00:27:10.553][info] [#0:script/workspace/loading.lua:183]: Loaded finish:	file:///Users/juliani/.config/nvim
[00:27:10.553][info] [#0:script/workspace/workspace.lua:381]: Preload finish at:	file:///Users/juliani/.config/nvim
[00:27:10.564][warn] [#0:script/proto/proto.lua:141]: Response of [workspace/diagnostic/refresh] error [-32601]: Unhandled method workspace/diagnostic/refresh
[00:27:10.564][info] [#0:script/provider/diagnostic.lua:557]: Diagnostics scope [file:///Users/juliani/.config/nvim], files count:[25]
[00:27:10.565][warn] [#0:script/proto/proto.lua:141]: Response of [workspace/diagnostic/refresh] error [-32601]: Unhandled method workspace/diagnostic/refresh
[00:27:10.615][info] [#0:script/provider/diagnostic.lua:574]: Diagnostics scope [file:///Users/juliani/.config/nvim] finished, takes [0.051] sec.
